<?xml version="1.0" encoding="UTF-8"?>
<testng-results ignored="0" total="1" passed="0" failed="1" skipped="0">
  <reporter-output>
  </reporter-output>
  <suite started-at="2024-05-05T18:50:12 IST" name="Suite" finished-at="2024-05-05T18:50:38 IST" duration-ms="26196">
    <groups>
    </groups>
    <test started-at="2024-05-05T18:50:12 IST" name="Test" finished-at="2024-05-05T18:50:38 IST" duration-ms="26196">
      <class name="qaTest.FreeCRM_TC001">
        <test-method is-config="true" signature="beforeTestMethod()[pri:0, instance:qaTest.FreeCRM_TC001@33bc72d1]" started-at="2024-05-05T18:50:12 IST" name="beforeTestMethod" finished-at="2024-05-05T18:50:13 IST" duration-ms="1060" status="PASS">
          <reporter-output>
          </reporter-output>
        </test-method> <!-- beforeTestMethod -->
        <test-method is-config="true" signature="beforeMethodBrowser(java.lang.String,java.lang.reflect.Method)[pri:0, instance:qaTest.FreeCRM_TC001@33bc72d1]" started-at="2024-05-05T18:50:13 IST" name="beforeMethodBrowser" finished-at="2024-05-05T18:50:32 IST" duration-ms="18786" status="PASS">
          <params>
            <param index="0">
              <value>
                <![CDATA[firefox]]>
              </value>
            </param>
            <param index="1">
              <value>
                <![CDATA[public void qaTest.FreeCRM_TC001.LaunchHomePage() throws java.lang.InterruptedException]]>
              </value>
            </param>
          </params>
          <reporter-output>
          </reporter-output>
        </test-method> <!-- beforeMethodBrowser -->
        <test-method signature="LaunchHomePage()[pri:0, instance:qaTest.FreeCRM_TC001@33bc72d1]" started-at="2024-05-05T18:50:32 IST" name="LaunchHomePage" finished-at="2024-05-05T18:50:36 IST" duration-ms="4527" status="FAIL">
          <exception class="java.lang.IllegalMonitorStateException">
            <message>
              <![CDATA[current thread is not owner]]>
            </message>
            <full-stacktrace>
              <![CDATA[java.lang.IllegalMonitorStateException: current thread is not owner
at java.base/java.lang.Object.wait(Native Method)
at PageEvents.HomePageEvents.NavigateToPages(HomePageEvents.java:19)
at qaTest.FreeCRM_TC001.LaunchHomePage(FreeCRM_TC001.java:18)
at java.base/jdk.internal.reflect.NativeMethodAccessorImpl.invoke0(Native Method)
at java.base/jdk.internal.reflect.NativeMethodAccessorImpl.invoke(NativeMethodAccessorImpl.java:77)
at java.base/jdk.internal.reflect.DelegatingMethodAccessorImpl.invoke(DelegatingMethodAccessorImpl.java:43)
at java.base/java.lang.reflect.Method.invoke(Method.java:568)
at org.testng.internal.invokers.MethodInvocationHelper.invokeMethod(MethodInvocationHelper.java:139)
at org.testng.internal.invokers.TestInvoker.invokeMethod(TestInvoker.java:664)
at org.testng.internal.invokers.TestInvoker.invokeTestMethod(TestInvoker.java:227)
at org.testng.internal.invokers.MethodRunner.runInSequence(MethodRunner.java:50)
at org.testng.internal.invokers.TestInvoker$MethodInvocationAgent.invoke(TestInvoker.java:957)
at org.testng.internal.invokers.TestInvoker.invokeTestMethods(TestInvoker.java:200)
at org.testng.internal.invokers.TestMethodWorker.invokeTestMethods(TestMethodWorker.java:148)
at org.testng.internal.invokers.TestMethodWorker.run(TestMethodWorker.java:128)
at java.base/java.util.ArrayList.forEach(ArrayList.java:1511)
at org.testng.TestRunner.privateRun(TestRunner.java:848)
at org.testng.TestRunner.run(TestRunner.java:621)
at org.testng.SuiteRunner.runTest(SuiteRunner.java:443)
at org.testng.SuiteRunner.runSequentially(SuiteRunner.java:437)
at org.testng.SuiteRunner.privateRun(SuiteRunner.java:397)
at org.testng.SuiteRunner.run(SuiteRunner.java:336)
at org.testng.SuiteRunnerWorker.runSuite(SuiteRunnerWorker.java:52)
at org.testng.SuiteRunnerWorker.run(SuiteRunnerWorker.java:95)
at org.testng.TestNG.runSuitesSequentially(TestNG.java:1280)
at org.testng.TestNG.runSuitesLocally(TestNG.java:1200)
at org.testng.TestNG.runSuites(TestNG.java:1114)
at org.testng.TestNG.run(TestNG.java:1082)
at org.testng.remote.AbstractRemoteTestNG.run(AbstractRemoteTestNG.java:115)
at org.testng.remote.RemoteTestNG.initAndRun(RemoteTestNG.java:251)
at org.testng.remote.RemoteTestNG.main(RemoteTestNG.java:77)
]]>
            </full-stacktrace>
          </exception> <!-- java.lang.IllegalMonitorStateException -->
          <reporter-output>
          </reporter-output>
        </test-method> <!-- LaunchHomePage -->
        <test-method is-config="true" signature="afterTest()[pri:0, instance:qaTest.FreeCRM_TC001@33bc72d1]" started-at="2024-05-05T18:50:36 IST" name="afterTest" finished-at="2024-05-05T18:50:38 IST" duration-ms="1640" status="PASS">
          <reporter-output>
          </reporter-output>
        </test-method> <!-- afterTest -->
      </class> <!-- qaTest.FreeCRM_TC001 -->
    </test> <!-- Test -->
  </suite> <!-- Suite -->
</testng-results>
