<?xml version="1.0" encoding="UTF-8"?>
<!-- Generated by org.testng.reporters.JUnitXMLReporter -->
<testsuite ignored="0" hostname="pc-PC" failures="1" tests="1" name="Test" time="26.196" errors="0" timestamp="2024-05-05T18:50:38 IST">
  <testcase classname="qaTest.FreeCRM_TC001" name="LaunchHomePage" time="4.527">
    <failure type="java.lang.IllegalMonitorStateException" message="current thread is not owner">
      <![CDATA[java.lang.IllegalMonitorStateException: current thread is not owner
at java.base/java.lang.Object.wait(Native Method)
at PageEvents.HomePageEvents.NavigateToPages(HomePageEvents.java:19)
at qaTest.FreeCRM_TC001.LaunchHomePage(FreeCRM_TC001.java:18)
at java.base/java.util.ArrayList.forEach(ArrayList.java:1511)
... Removed 27 stack frames]]>
    </failure>
  </testcase> <!-- LaunchHomePage -->
</testsuite> <!-- Test -->
